<?xml version="1.0" encoding="UTF-8"?>
<testng-results skipped="0" failed="0" ignored="0" total="1" passed="1">
  <reporter-output>
  </reporter-output>
  <suite name="inetBankinV1" duration-ms="8699" started-at="2020-10-14T17:43:30 CDT" finished-at="2020-10-14T17:43:39 CDT">
    <groups>
    </groups>
    <test name="BankingApp Test" duration-ms="8699" started-at="2020-10-14T17:43:30 CDT" finished-at="2020-10-14T17:43:39 CDT">
      <class name="com.inetbanking.testCases.TC_LoginTest_001">
        <test-method status="PASS" signature="setup(java.lang.String)[pri:0, instance:com.inetbanking.testCases.TC_LoginTest_001@604ed9f0]" name="setup" is-config="true" duration-ms="7184" started-at="2020-10-14T17:43:30 CDT" finished-at="2020-10-14T17:43:37 CDT">
          <params>
            <param index="0">
              <value>
                <![CDATA[chrome]]>
              </value>
            </param>
          </params>
          <reporter-output>
          </reporter-output>
        </test-method> <!-- setup -->
        <test-method status="PASS" signature="loginTest()[pri:0, instance:com.inetbanking.testCases.TC_LoginTest_001@604ed9f0]" name="loginTest" duration-ms="1280" started-at="2020-10-14T17:43:37 CDT" finished-at="2020-10-14T17:43:38 CDT">
          <reporter-output>
          </reporter-output>
        </test-method> <!-- loginTest -->
        <test-method status="PASS" signature="tearDown()[pri:0, instance:com.inetbanking.testCases.TC_LoginTest_001@604ed9f0]" name="tearDown" is-config="true" duration-ms="92" started-at="2020-10-14T17:43:38 CDT" finished-at="2020-10-14T17:43:39 CDT">
          <reporter-output>
          </reporter-output>
        </test-method> <!-- tearDown -->
      </class> <!-- com.inetbanking.testCases.TC_LoginTest_001 -->
    </test> <!-- BankingApp Test -->
  </suite> <!-- inetBankinV1 -->
</testng-results>
